0 verbose cli /usr/bin/node /usr/bin/npm
1 info using npm@9.2.0
2 info using node@v18.19.0
3 timing npm:load:whichnode Completed in 1ms
4 timing config:load:defaults Completed in 10ms
5 timing config:load:file:/usr/share/nodejs/npm/npmrc Completed in 23ms
6 timing config:load:builtin Completed in 23ms
7 timing config:load:cli Completed in 9ms
8 timing config:load:env Completed in 1ms
9 timing config:load:project Completed in 34ms
10 timing config:load:file:/var/www/.npmrc Completed in 9ms
11 timing config:load:user Completed in 10ms
12 timing config:load:file:/etc/npmrc Completed in 0ms
13 timing config:load:global Completed in 3ms
14 timing config:load:setEnvs Completed in 12ms
15 timing config:load Completed in 107ms
16 timing npm:load:configload Completed in 107ms
17 timing npm:load:mkdirpcache Completed in 17ms
18 timing npm:load:mkdirplogs Completed in 27ms
19 verbose title npm run build
20 verbose argv "run" "build"
21 timing npm:load:setTitle Completed in 12ms
22 timing config:load:flatten Completed in 22ms
23 timing npm:load:display Completed in 24ms
24 verbose logfile logs-max:10 dir:/var/www/.npm/_logs/2025-03-14T01_09_15_728Z-
25 verbose logfile /var/www/.npm/_logs/2025-03-14T01_09_15_728Z-debug-0.log
26 timing npm:load:logFile Completed in 45ms
27 timing npm:load:timers Completed in 0ms
28 timing npm:load:configScope Completed in 0ms
29 timing npm:load Completed in 239ms
30 timing config:load:flatten Completed in 6ms
31 silly logfile done cleaning log files
32 timing command:run Completed in 28655ms
33 verbose exit 1
34 timing npm Completed in 29032ms
35 verbose code 1
