0 verbose cli /usr/bin/node /usr/bin/npm
1 info using npm@9.2.0
2 info using node@v18.19.0
3 timing npm:load:whichnode Completed in 1ms
4 timing config:load:defaults Completed in 2ms
5 timing config:load:file:/usr/share/nodejs/npm/npmrc Completed in 4ms
6 timing config:load:builtin Completed in 5ms
7 timing config:load:cli Completed in 2ms
8 timing config:load:env Completed in 0ms
9 timing config:load:project Completed in 4ms
10 timing config:load:file:/var/www/.npmrc Completed in 1ms
11 timing config:load:user Completed in 1ms
12 timing config:load:file:/etc/npmrc Completed in 1ms
13 timing config:load:global Completed in 1ms
14 timing config:load:setEnvs Completed in 1ms
15 timing config:load Completed in 16ms
16 timing npm:load:configload Completed in 16ms
17 timing npm:load:mkdirpcache Completed in 3ms
18 timing npm:load:mkdirplogs Completed in 3ms
19 verbose title npm install bootstrap sass
20 verbose argv "install" "bootstrap" "sass"
21 timing npm:load:setTitle Completed in 3ms
22 timing config:load:flatten Completed in 3ms
23 timing npm:load:display Completed in 5ms
24 verbose logfile logs-max:10 dir:/var/www/.npm/_logs/2025-03-14T01_10_06_635Z-
25 verbose logfile /var/www/.npm/_logs/2025-03-14T01_10_06_635Z-debug-0.log
26 timing npm:load:logFile Completed in 14ms
27 timing npm:load:timers Completed in 1ms
28 timing npm:load:configScope Completed in 0ms
29 timing npm:load Completed in 47ms
30 silly logfile done cleaning log files
31 timing config:load:flatten Completed in 1ms
32 timing arborist:ctor Completed in 1ms
33 timing idealTree:init Completed in 231ms
34 timing idealTree:userRequests Completed in 4ms
35 silly idealTree buildDeps
36 silly fetch manifest bootstrap@*
37 timing arborist:ctor Completed in 0ms
38 http fetch GET 200 https://registry.npmjs.org/bootstrap 773ms (cache miss)
39 silly fetch manifest @popperjs/core@^2.11.8
40 http fetch GET 200 https://registry.npmjs.org/@popperjs%2fcore 162ms (cache hit)
41 silly fetch manifest sass@*
42 http fetch GET 200 https://registry.npmjs.org/sass 150ms (cache updated)
43 silly placeDep ROOT bootstrap@5.3.3 OK for:  want: *
44 silly placeDep ROOT sass@1.85.1 OK for:  want: *
45 silly fetch manifest chokidar@^4.0.0
46 silly fetch manifest immutable@^5.0.2
47 silly fetch manifest @parcel/watcher@^2.4.1
48 http fetch GET 200 https://registry.npmjs.org/immutable 84ms (cache miss)
49 http fetch GET 200 https://registry.npmjs.org/chokidar 146ms (cache updated)
50 http fetch GET 200 https://registry.npmjs.org/@parcel%2fwatcher 166ms (cache miss)
51 timing idealTree:#root Completed in 1283ms
52 timing idealTree:node_modules/bootstrap Completed in 0ms
53 silly placeDep ROOT @parcel/watcher@2.5.1 OK for: sass@1.85.1 want: ^2.4.1
54 silly placeDep node_modules/sass chokidar@4.0.3 OK for: sass@1.85.1 want: ^4.0.0
55 silly placeDep ROOT immutable@5.0.3 OK for: sass@1.85.1 want: ^5.0.2
56 silly fetch manifest detect-libc@^1.0.3
57 silly fetch manifest node-addon-api@^7.0.0
58 silly fetch manifest @parcel/watcher-darwin-x64@2.5.1
59 silly fetch manifest @parcel/watcher-darwin-arm64@2.5.1
60 silly fetch manifest @parcel/watcher-win32-x64@2.5.1
61 silly fetch manifest @parcel/watcher-win32-arm64@2.5.1
62 silly fetch manifest @parcel/watcher-win32-ia32@2.5.1
63 silly fetch manifest @parcel/watcher-linux-x64-glibc@2.5.1
64 silly fetch manifest @parcel/watcher-linux-x64-musl@2.5.1
65 silly fetch manifest @parcel/watcher-linux-arm64-glibc@2.5.1
66 silly fetch manifest @parcel/watcher-linux-arm64-musl@2.5.1
67 silly fetch manifest @parcel/watcher-linux-arm-glibc@2.5.1
68 silly fetch manifest @parcel/watcher-linux-arm-musl@2.5.1
69 silly fetch manifest @parcel/watcher-android-arm64@2.5.1
70 silly fetch manifest @parcel/watcher-freebsd-x64@2.5.1
71 silly fetch manifest readdirp@^4.0.1
72 http fetch GET 200 https://registry.npmjs.org/node-addon-api 192ms (cache miss)
73 http fetch GET 200 https://registry.npmjs.org/detect-libc 243ms (cache miss)
74 http fetch GET 200 https://registry.npmjs.org/@parcel%2fwatcher-darwin-x64 332ms (cache miss)
75 http fetch GET 200 https://registry.npmjs.org/@parcel%2fwatcher-win32-x64 405ms (cache miss)
76 http fetch GET 200 https://registry.npmjs.org/@parcel%2fwatcher-linux-arm-musl 405ms (cache miss)
77 http fetch GET 200 https://registry.npmjs.org/@parcel%2fwatcher-win32-arm64 413ms (cache miss)
78 http fetch GET 200 https://registry.npmjs.org/@parcel%2fwatcher-freebsd-x64 407ms (cache miss)
79 http fetch GET 200 https://registry.npmjs.org/@parcel%2fwatcher-linux-x64-musl 414ms (cache miss)
80 http fetch GET 200 https://registry.npmjs.org/@parcel%2fwatcher-linux-arm-glibc 415ms (cache miss)
81 http fetch GET 200 https://registry.npmjs.org/@parcel%2fwatcher-linux-x64-glibc 424ms (cache miss)
82 http fetch GET 200 https://registry.npmjs.org/@parcel%2fwatcher-android-arm64 422ms (cache miss)
83 http fetch GET 200 https://registry.npmjs.org/readdirp 422ms (cache updated)
84 http fetch GET 200 https://registry.npmjs.org/@parcel%2fwatcher-darwin-arm64 447ms (cache miss)
85 http fetch GET 200 https://registry.npmjs.org/@parcel%2fwatcher-linux-arm64-glibc 446ms (cache miss)
86 http fetch GET 200 https://registry.npmjs.org/@parcel%2fwatcher-linux-arm64-musl 462ms (cache miss)
87 http fetch GET 200 https://registry.npmjs.org/@parcel%2fwatcher-win32-ia32 833ms (cache miss)
88 timing idealTree:node_modules/sass Completed in 852ms
89 silly placeDep ROOT @parcel/watcher-android-arm64@2.5.1 OK for: @parcel/watcher@2.5.1 want: 2.5.1
90 silly placeDep ROOT @parcel/watcher-darwin-arm64@2.5.1 OK for: @parcel/watcher@2.5.1 want: 2.5.1
91 silly placeDep ROOT @parcel/watcher-darwin-x64@2.5.1 OK for: @parcel/watcher@2.5.1 want: 2.5.1
92 silly placeDep ROOT @parcel/watcher-freebsd-x64@2.5.1 OK for: @parcel/watcher@2.5.1 want: 2.5.1
93 silly placeDep ROOT @parcel/watcher-linux-arm-glibc@2.5.1 OK for: @parcel/watcher@2.5.1 want: 2.5.1
94 silly placeDep ROOT @parcel/watcher-linux-arm-musl@2.5.1 OK for: @parcel/watcher@2.5.1 want: 2.5.1
95 silly placeDep ROOT @parcel/watcher-linux-arm64-glibc@2.5.1 OK for: @parcel/watcher@2.5.1 want: 2.5.1
96 silly placeDep ROOT @parcel/watcher-linux-arm64-musl@2.5.1 OK for: @parcel/watcher@2.5.1 want: 2.5.1
97 silly placeDep ROOT @parcel/watcher-linux-x64-glibc@2.5.1 OK for: @parcel/watcher@2.5.1 want: 2.5.1
98 silly placeDep ROOT @parcel/watcher-linux-x64-musl@2.5.1 OK for: @parcel/watcher@2.5.1 want: 2.5.1
99 silly placeDep ROOT @parcel/watcher-win32-arm64@2.5.1 OK for: @parcel/watcher@2.5.1 want: 2.5.1
100 silly placeDep ROOT @parcel/watcher-win32-ia32@2.5.1 OK for: @parcel/watcher@2.5.1 want: 2.5.1
101 silly placeDep ROOT @parcel/watcher-win32-x64@2.5.1 OK for: @parcel/watcher@2.5.1 want: 2.5.1
102 silly placeDep ROOT detect-libc@1.0.3 OK for: @parcel/watcher@2.5.1 want: ^1.0.3
103 silly placeDep ROOT node-addon-api@7.1.1 OK for: @parcel/watcher@2.5.1 want: ^7.0.0
104 timing idealTree:node_modules/@parcel/watcher Completed in 29ms
105 timing idealTree:node_modules/@parcel/watcher-android-arm64 Completed in 0ms
106 timing idealTree:node_modules/@parcel/watcher-darwin-arm64 Completed in 0ms
107 timing idealTree:node_modules/@parcel/watcher-darwin-x64 Completed in 0ms
108 timing idealTree:node_modules/@parcel/watcher-freebsd-x64 Completed in 0ms
109 timing idealTree:node_modules/@parcel/watcher-linux-arm-glibc Completed in 0ms
110 timing idealTree:node_modules/@parcel/watcher-linux-arm-musl Completed in 0ms
111 timing idealTree:node_modules/@parcel/watcher-linux-arm64-glibc Completed in 0ms
112 timing idealTree:node_modules/@parcel/watcher-linux-arm64-musl Completed in 0ms
113 timing idealTree:node_modules/@parcel/watcher-linux-x64-glibc Completed in 0ms
114 timing idealTree:node_modules/@parcel/watcher-linux-x64-musl Completed in 0ms
115 timing idealTree:node_modules/@parcel/watcher-win32-arm64 Completed in 0ms
116 timing idealTree:node_modules/@parcel/watcher-win32-ia32 Completed in 0ms
117 timing idealTree:node_modules/@parcel/watcher-win32-x64 Completed in 0ms
118 timing idealTree:node_modules/detect-libc Completed in 0ms
119 timing idealTree:node_modules/immutable Completed in 0ms
120 timing idealTree:node_modules/node-addon-api Completed in 1ms
121 silly placeDep node_modules/sass readdirp@4.1.2 OK for: chokidar@4.0.3 want: ^4.0.1
122 timing idealTree:node_modules/sass/node_modules/chokidar Completed in 3ms
123 timing idealTree:node_modules/sass/node_modules/readdirp Completed in 0ms
124 timing idealTree:buildDeps Completed in 2177ms
125 timing idealTree:fixDepFlags Completed in 2ms
126 timing idealTree Completed in 2419ms
127 timing reify:loadTrees Completed in 2422ms
128 timing reify:diffTrees Completed in 256ms
129 silly reify moves {}
130 timing reify:retireShallow Completed in 2ms
131 timing reify:createSparse Completed in 105ms
132 timing reify:loadBundles Completed in 0ms
133 silly audit bulk request {
133 silly audit   '@alloc/quick-lru': [ '5.2.0' ],
133 silly audit   '@esbuild/aix-ppc64': [ '0.21.5' ],
133 silly audit   '@esbuild/android-arm': [ '0.21.5' ],
133 silly audit   '@esbuild/android-arm64': [ '0.21.5' ],
133 silly audit   '@esbuild/android-x64': [ '0.21.5' ],
133 silly audit   '@esbuild/darwin-arm64': [ '0.21.5' ],
133 silly audit   '@esbuild/darwin-x64': [ '0.21.5' ],
133 silly audit   '@esbuild/freebsd-arm64': [ '0.21.5' ],
133 silly audit   '@esbuild/freebsd-x64': [ '0.21.5' ],
133 silly audit   '@esbuild/linux-arm': [ '0.21.5' ],
133 silly audit   '@esbuild/linux-arm64': [ '0.21.5' ],
133 silly audit   '@esbuild/linux-ia32': [ '0.21.5' ],
133 silly audit   '@esbuild/linux-loong64': [ '0.21.5' ],
133 silly audit   '@esbuild/linux-mips64el': [ '0.21.5' ],
133 silly audit   '@esbuild/linux-ppc64': [ '0.21.5' ],
133 silly audit   '@esbuild/linux-riscv64': [ '0.21.5' ],
133 silly audit   '@esbuild/linux-s390x': [ '0.21.5' ],
133 silly audit   '@esbuild/linux-x64': [ '0.21.5' ],
133 silly audit   '@esbuild/netbsd-x64': [ '0.21.5' ],
133 silly audit   '@esbuild/openbsd-x64': [ '0.21.5' ],
133 silly audit   '@esbuild/sunos-x64': [ '0.21.5' ],
133 silly audit   '@esbuild/win32-arm64': [ '0.21.5' ],
133 silly audit   '@esbuild/win32-ia32': [ '0.21.5' ],
133 silly audit   '@esbuild/win32-x64': [ '0.21.5' ],
133 silly audit   '@isaacs/cliui': [ '8.0.2' ],
133 silly audit   '@jridgewell/gen-mapping': [ '0.3.8' ],
133 silly audit   '@jridgewell/resolve-uri': [ '3.1.2' ],
133 silly audit   '@jridgewell/set-array': [ '1.2.1' ],
133 silly audit   '@jridgewell/sourcemap-codec': [ '1.5.0' ],
133 silly audit   '@jridgewell/trace-mapping': [ '0.3.25' ],
133 silly audit   '@nodelib/fs.scandir': [ '2.1.5' ],
133 silly audit   '@nodelib/fs.stat': [ '2.0.5' ],
133 silly audit   '@nodelib/fs.walk': [ '1.2.8' ],
133 silly audit   '@pkgjs/parseargs': [ '0.11.0' ],
133 silly audit   '@popperjs/core': [ '2.11.8' ],
133 silly audit   '@rollup/rollup-android-arm-eabi': [ '4.35.0' ],
133 silly audit   '@rollup/rollup-android-arm64': [ '4.35.0' ],
133 silly audit   '@rollup/rollup-darwin-arm64': [ '4.35.0' ],
133 silly audit   '@rollup/rollup-darwin-x64': [ '4.35.0' ],
133 silly audit   '@rollup/rollup-freebsd-arm64': [ '4.35.0' ],
133 silly audit   '@rollup/rollup-freebsd-x64': [ '4.35.0' ],
133 silly audit   '@rollup/rollup-linux-arm-gnueabihf': [ '4.35.0' ],
133 silly audit   '@rollup/rollup-linux-arm-musleabihf': [ '4.35.0' ],
133 silly audit   '@rollup/rollup-linux-arm64-gnu': [ '4.35.0' ],
133 silly audit   '@rollup/rollup-linux-arm64-musl': [ '4.35.0' ],
133 silly audit   '@rollup/rollup-linux-loongarch64-gnu': [ '4.35.0' ],
133 silly audit   '@rollup/rollup-linux-powerpc64le-gnu': [ '4.35.0' ],
133 silly audit   '@rollup/rollup-linux-riscv64-gnu': [ '4.35.0' ],
133 silly audit   '@rollup/rollup-linux-s390x-gnu': [ '4.35.0' ],
133 silly audit   '@rollup/rollup-linux-x64-gnu': [ '4.35.0' ],
133 silly audit   '@rollup/rollup-linux-x64-musl': [ '4.35.0' ],
133 silly audit   '@rollup/rollup-win32-arm64-msvc': [ '4.35.0' ],
133 silly audit   '@rollup/rollup-win32-ia32-msvc': [ '4.35.0' ],
133 silly audit   '@rollup/rollup-win32-x64-msvc': [ '4.35.0' ],
133 silly audit   '@tailwindcss/forms': [ '0.5.10' ],
133 silly audit   '@types/estree': [ '1.0.6' ],
133 silly audit   '@vue/reactivity': [ '3.1.5' ],
133 silly audit   '@vue/shared': [ '3.1.5' ],
133 silly audit   alpinejs: [ '3.14.9' ],
133 silly audit   'ansi-regex': [ '6.1.0', '5.0.1' ],
133 silly audit   'ansi-styles': [ '6.2.1', '4.3.0' ],
133 silly audit   'any-promise': [ '1.3.0' ],
133 silly audit   anymatch: [ '3.1.3' ],
133 silly audit   arg: [ '5.0.2' ],
133 silly audit   asynckit: [ '0.4.0' ],
133 silly audit   autoprefixer: [ '10.4.21' ],
133 silly audit   axios: [ '1.8.3' ],
133 silly audit   'balanced-match': [ '1.0.2' ],
133 silly audit   'binary-extensions': [ '2.3.0' ],
133 silly audit   'brace-expansion': [ '2.0.1' ],
133 silly audit   braces: [ '3.0.3' ],
133 silly audit   browserslist: [ '4.24.4' ],
133 silly audit   'call-bind-apply-helpers': [ '1.0.2' ],
133 silly audit   'camelcase-css': [ '2.0.1' ],
133 silly audit   'caniuse-lite': [ '1.0.30001704' ],
133 silly audit   chokidar: [ '3.6.0', '4.0.3' ],
133 silly audit   'glob-parent': [ '5.1.2', '6.0.2' ],
133 silly audit   'color-convert': [ '2.0.1' ],
133 silly audit   'color-name': [ '1.1.4' ],
133 silly audit   'combined-stream': [ '1.0.8' ],
133 silly audit   commander: [ '4.1.1' ],
133 silly audit   'cross-spawn': [ '7.0.6' ],
133 silly audit   cssesc: [ '3.0.0' ],
133 silly audit   'delayed-stream': [ '1.0.0' ],
133 silly audit   didyoumean: [ '1.2.2' ],
133 silly audit   dlv: [ '1.1.3' ],
133 silly audit   'dunder-proto': [ '1.0.1' ],
133 silly audit   eastasianwidth: [ '0.2.0' ],
133 silly audit   'electron-to-chromium': [ '1.5.118' ],
133 silly audit   'emoji-regex': [ '9.2.2', '8.0.0' ],
133 silly audit   'es-define-property': [ '1.0.1' ],
133 silly audit   'es-errors': [ '1.3.0' ],
133 silly audit   'es-object-atoms': [ '1.1.1' ],
133 silly audit   'es-set-tostringtag': [ '2.1.0' ],
133 silly audit   esbuild: [ '0.21.5' ],
133 silly audit   escalade: [ '3.2.0' ],
133 silly audit   'fast-glob': [ '3.3.3' ],
133 silly audit   fastq: [ '1.19.1' ],
133 silly audit   'fill-range': [ '7.1.1' ],
133 silly audit   'follow-redirects': [ '1.15.9' ],
133 silly audit   'foreground-child': [ '3.3.1' ],
133 silly audit   'form-data': [ '4.0.2' ],
133 silly audit   'fraction.js': [ '4.3.7' ],
133 silly audit   fsevents: [ '2.3.3' ],
133 silly audit   'function-bind': [ '1.1.2' ],
133 silly audit   'get-intrinsic': [ '1.3.0' ],
133 silly audit   'get-proto': [ '1.0.1' ],
133 silly audit   glob: [ '10.4.5' ],
133 silly audit   gopd: [ '1.2.0' ],
133 silly audit   'has-symbols': [ '1.1.0' ],
133 silly audit   'has-tostringtag': [ '1.0.2' ],
133 silly audit   hasown: [ '2.0.2' ],
133 silly audit   'is-binary-path': [ '2.1.0' ],
133 silly audit   'is-core-module': [ '2.16.1' ],
133 silly audit   'is-extglob': [ '2.1.1' ],
133 silly audit   'is-fullwidth-code-point': [ '3.0.0' ],
133 silly audit   'is-glob': [ '4.0.3' ],
133 silly audit   'is-number': [ '7.0.0' ],
133 silly audit   isexe: [ '2.0.0' ],
133 silly audit   jackspeak: [ '3.4.3' ],
133 silly audit   jiti: [ '1.21.7' ],
133 silly audit   jquery: [ '3.7.1' ],
133 silly audit   'laravel-vite-plugin': [ '1.2.0' ],
133 silly audit   lilconfig: [ '3.1.3' ],
133 silly audit   'lines-and-columns': [ '1.2.4' ],
133 silly audit   'lru-cache': [ '10.4.3' ],
133 silly audit   'math-intrinsics': [ '1.1.0' ],
133 silly audit   merge2: [ '1.4.1' ],
133 silly audit   micromatch: [ '4.0.8' ],
133 silly audit   'mime-db': [ '1.52.0' ],
133 silly audit   'mime-types': [ '2.1.35' ],
133 silly audit   'mini-svg-data-uri': [ '1.4.4' ],
133 silly audit   minimatch: [ '9.0.5' ],
133 silly audit   minipass: [ '7.1.2' ],
133 silly audit   mz: [ '2.7.0' ],
133 silly audit   nanoid: [ '3.3.9' ],
133 silly audit   'node-releases': [ '2.0.19' ],
133 silly audit   'normalize-path': [ '3.0.0' ],
133 silly audit   'normalize-range': [ '0.1.2' ],
133 silly audit   'object-assign': [ '4.1.1' ],
133 silly audit   'object-hash': [ '3.0.0' ],
133 silly audit   'package-json-from-dist': [ '1.0.1' ],
133 silly audit   'path-key': [ '3.1.1' ],
133 silly audit   'path-parse': [ '1.0.7' ],
133 silly audit   'path-scurry': [ '1.11.1' ],
133 silly audit   picocolors: [ '1.1.1' ],
133 silly audit   picomatch: [ '2.3.1' ],
133 silly audit   pify: [ '2.3.0' ],
133 silly audit   pirates: [ '4.0.6' ],
133 silly audit   postcss: [ '8.5.3' ],
133 silly audit   'postcss-import': [ '15.1.0' ],
133 silly audit   'postcss-js': [ '4.0.1' ],
133 silly audit   'postcss-load-config': [ '4.0.2' ],
133 silly audit   'postcss-nested': [ '6.2.0' ],
133 silly audit   'postcss-selector-parser': [ '6.1.2' ],
133 silly audit   'postcss-value-parser': [ '4.2.0' ],
133 silly audit   'proxy-from-env': [ '1.1.0' ],
133 silly audit   'queue-microtask': [ '1.2.3' ],
133 silly audit   'read-cache': [ '1.0.0' ],
133 silly audit   readdirp: [ '3.6.0', '4.1.2' ],
133 silly audit   resolve: [ '1.22.10' ],
133 silly audit   reusify: [ '1.1.0' ],
133 silly audit   rollup: [ '4.35.0' ],
133 silly audit   'run-parallel': [ '1.2.0' ],
133 silly audit   'shebang-command': [ '2.0.0' ],
133 silly audit   'shebang-regex': [ '3.0.0' ],
133 silly audit   'signal-exit': [ '4.1.0' ],
133 silly audit   'source-map-js': [ '1.2.1' ],
133 silly audit   'string-width': [ '5.1.2', '4.2.3' ],
133 silly audit   'strip-ansi': [ '6.0.1', '7.1.0' ],
133 silly audit   sucrase: [ '3.35.0' ],
133 silly audit   'supports-preserve-symlinks-flag': [ '1.0.0' ],
133 silly audit   tailwindcss: [ '3.4.17' ],
133 silly audit   thenify: [ '3.3.1' ],
133 silly audit   'thenify-all': [ '1.6.0' ],
133 silly audit   'to-regex-range': [ '5.0.1' ],
133 silly audit   'ts-interface-checker': [ '0.1.13' ],
133 silly audit   'update-browserslist-db': [ '1.1.3' ],
133 silly audit   'util-deprecate': [ '1.0.2' ],
133 silly audit   vite: [ '5.4.14' ],
133 silly audit   'vite-plugin-full-reload': [ '1.2.0' ],
133 silly audit   which: [ '2.0.2' ],
133 silly audit   'wrap-ansi': [ '8.1.0', '7.0.0' ],
133 silly audit   yaml: [ '2.7.0' ],
133 silly audit   bootstrap: [ '5.3.3' ],
133 silly audit   sass: [ '1.85.1' ],
133 silly audit   '@parcel/watcher': [ '2.5.1' ],
133 silly audit   immutable: [ '5.0.3' ],
133 silly audit   '@parcel/watcher-android-arm64': [ '2.5.1' ],
133 silly audit   '@parcel/watcher-darwin-arm64': [ '2.5.1' ],
133 silly audit   '@parcel/watcher-darwin-x64': [ '2.5.1' ],
133 silly audit   '@parcel/watcher-freebsd-x64': [ '2.5.1' ],
133 silly audit   '@parcel/watcher-linux-arm-glibc': [ '2.5.1' ],
133 silly audit   '@parcel/watcher-linux-arm-musl': [ '2.5.1' ],
133 silly audit   '@parcel/watcher-linux-arm64-glibc': [ '2.5.1' ],
133 silly audit   '@parcel/watcher-linux-arm64-musl': [ '2.5.1' ],
133 silly audit   '@parcel/watcher-linux-x64-glibc': [ '2.5.1' ],
133 silly audit   '@parcel/watcher-linux-x64-musl': [ '2.5.1' ],
133 silly audit   '@parcel/watcher-win32-arm64': [ '2.5.1' ],
133 silly audit   '@parcel/watcher-win32-ia32': [ '2.5.1' ],
133 silly audit   '@parcel/watcher-win32-x64': [ '2.5.1' ],
133 silly audit   'detect-libc': [ '1.0.3' ],
133 silly audit   'node-addon-api': [ '7.1.1' ]
133 silly audit }
134 verbose reify failed optional dependency /var/www/node_modules/@parcel/watcher-win32-x64
135 silly reify mark deleted [ '/var/www/node_modules/@parcel/watcher-win32-x64' ]
136 verbose reify failed optional dependency /var/www/node_modules/@parcel/watcher-win32-ia32
137 silly reify mark deleted [ '/var/www/node_modules/@parcel/watcher-win32-ia32' ]
138 verbose reify failed optional dependency /var/www/node_modules/@parcel/watcher-win32-arm64
139 silly reify mark deleted [ '/var/www/node_modules/@parcel/watcher-win32-arm64' ]
140 verbose reify failed optional dependency /var/www/node_modules/@parcel/watcher-linux-arm64-musl
141 silly reify mark deleted [ '/var/www/node_modules/@parcel/watcher-linux-arm64-musl' ]
142 verbose reify failed optional dependency /var/www/node_modules/@parcel/watcher-linux-arm64-glibc
143 silly reify mark deleted [ '/var/www/node_modules/@parcel/watcher-linux-arm64-glibc' ]
144 verbose reify failed optional dependency /var/www/node_modules/@parcel/watcher-linux-arm-musl
145 silly reify mark deleted [ '/var/www/node_modules/@parcel/watcher-linux-arm-musl' ]
146 verbose reify failed optional dependency /var/www/node_modules/@parcel/watcher-linux-arm-glibc
147 silly reify mark deleted [ '/var/www/node_modules/@parcel/watcher-linux-arm-glibc' ]
148 verbose reify failed optional dependency /var/www/node_modules/@parcel/watcher-freebsd-x64
149 silly reify mark deleted [ '/var/www/node_modules/@parcel/watcher-freebsd-x64' ]
150 verbose reify failed optional dependency /var/www/node_modules/@parcel/watcher-darwin-x64
151 silly reify mark deleted [ '/var/www/node_modules/@parcel/watcher-darwin-x64' ]
152 verbose reify failed optional dependency /var/www/node_modules/@parcel/watcher-darwin-arm64
153 silly reify mark deleted [ '/var/www/node_modules/@parcel/watcher-darwin-arm64' ]
154 verbose reify failed optional dependency /var/www/node_modules/@parcel/watcher-android-arm64
155 silly reify mark deleted [ '/var/www/node_modules/@parcel/watcher-android-arm64' ]
156 verbose reify failed optional dependency /var/www/node_modules/fsevents
157 silly reify mark deleted [ '/var/www/node_modules/fsevents' ]
158 verbose reify failed optional dependency /var/www/node_modules/@rollup/rollup-win32-x64-msvc
159 silly reify mark deleted [ '/var/www/node_modules/@rollup/rollup-win32-x64-msvc' ]
160 verbose reify failed optional dependency /var/www/node_modules/@rollup/rollup-win32-ia32-msvc
161 silly reify mark deleted [ '/var/www/node_modules/@rollup/rollup-win32-ia32-msvc' ]
162 verbose reify failed optional dependency /var/www/node_modules/@rollup/rollup-win32-arm64-msvc
163 silly reify mark deleted [ '/var/www/node_modules/@rollup/rollup-win32-arm64-msvc' ]
164 verbose reify failed optional dependency /var/www/node_modules/@rollup/rollup-linux-s390x-gnu
165 silly reify mark deleted [ '/var/www/node_modules/@rollup/rollup-linux-s390x-gnu' ]
166 verbose reify failed optional dependency /var/www/node_modules/@rollup/rollup-linux-riscv64-gnu
167 silly reify mark deleted [ '/var/www/node_modules/@rollup/rollup-linux-riscv64-gnu' ]
168 verbose reify failed optional dependency /var/www/node_modules/@rollup/rollup-linux-powerpc64le-gnu
169 silly reify mark deleted [ '/var/www/node_modules/@rollup/rollup-linux-powerpc64le-gnu' ]
170 verbose reify failed optional dependency /var/www/node_modules/@rollup/rollup-linux-loongarch64-gnu
171 silly reify mark deleted [ '/var/www/node_modules/@rollup/rollup-linux-loongarch64-gnu' ]
172 verbose reify failed optional dependency /var/www/node_modules/@rollup/rollup-linux-arm64-musl
173 silly reify mark deleted [ '/var/www/node_modules/@rollup/rollup-linux-arm64-musl' ]
174 verbose reify failed optional dependency /var/www/node_modules/@rollup/rollup-linux-arm64-gnu
175 silly reify mark deleted [ '/var/www/node_modules/@rollup/rollup-linux-arm64-gnu' ]
176 verbose reify failed optional dependency /var/www/node_modules/@rollup/rollup-linux-arm-musleabihf
177 silly reify mark deleted [ '/var/www/node_modules/@rollup/rollup-linux-arm-musleabihf' ]
178 verbose reify failed optional dependency /var/www/node_modules/@rollup/rollup-linux-arm-gnueabihf
179 silly reify mark deleted [ '/var/www/node_modules/@rollup/rollup-linux-arm-gnueabihf' ]
180 verbose reify failed optional dependency /var/www/node_modules/@rollup/rollup-freebsd-x64
181 silly reify mark deleted [ '/var/www/node_modules/@rollup/rollup-freebsd-x64' ]
182 verbose reify failed optional dependency /var/www/node_modules/@rollup/rollup-freebsd-arm64
183 silly reify mark deleted [ '/var/www/node_modules/@rollup/rollup-freebsd-arm64' ]
184 verbose reify failed optional dependency /var/www/node_modules/@rollup/rollup-darwin-x64
185 silly reify mark deleted [ '/var/www/node_modules/@rollup/rollup-darwin-x64' ]
186 verbose reify failed optional dependency /var/www/node_modules/@rollup/rollup-darwin-arm64
187 silly reify mark deleted [ '/var/www/node_modules/@rollup/rollup-darwin-arm64' ]
188 verbose reify failed optional dependency /var/www/node_modules/@rollup/rollup-android-arm64
189 silly reify mark deleted [ '/var/www/node_modules/@rollup/rollup-android-arm64' ]
190 verbose reify failed optional dependency /var/www/node_modules/@rollup/rollup-android-arm-eabi
191 silly reify mark deleted [ '/var/www/node_modules/@rollup/rollup-android-arm-eabi' ]
192 verbose reify failed optional dependency /var/www/node_modules/@esbuild/win32-x64
193 silly reify mark deleted [ '/var/www/node_modules/@esbuild/win32-x64' ]
194 verbose reify failed optional dependency /var/www/node_modules/@esbuild/win32-ia32
195 silly reify mark deleted [ '/var/www/node_modules/@esbuild/win32-ia32' ]
196 verbose reify failed optional dependency /var/www/node_modules/@esbuild/win32-arm64
197 silly reify mark deleted [ '/var/www/node_modules/@esbuild/win32-arm64' ]
198 verbose reify failed optional dependency /var/www/node_modules/@esbuild/sunos-x64
199 silly reify mark deleted [ '/var/www/node_modules/@esbuild/sunos-x64' ]
200 verbose reify failed optional dependency /var/www/node_modules/@esbuild/openbsd-x64
201 silly reify mark deleted [ '/var/www/node_modules/@esbuild/openbsd-x64' ]
202 verbose reify failed optional dependency /var/www/node_modules/@esbuild/netbsd-x64
203 silly reify mark deleted [ '/var/www/node_modules/@esbuild/netbsd-x64' ]
204 verbose reify failed optional dependency /var/www/node_modules/@esbuild/linux-s390x
205 silly reify mark deleted [ '/var/www/node_modules/@esbuild/linux-s390x' ]
206 verbose reify failed optional dependency /var/www/node_modules/@esbuild/linux-riscv64
207 silly reify mark deleted [ '/var/www/node_modules/@esbuild/linux-riscv64' ]
208 verbose reify failed optional dependency /var/www/node_modules/@esbuild/linux-ppc64
209 silly reify mark deleted [ '/var/www/node_modules/@esbuild/linux-ppc64' ]
210 verbose reify failed optional dependency /var/www/node_modules/@esbuild/linux-mips64el
211 silly reify mark deleted [ '/var/www/node_modules/@esbuild/linux-mips64el' ]
212 verbose reify failed optional dependency /var/www/node_modules/@esbuild/linux-loong64
213 silly reify mark deleted [ '/var/www/node_modules/@esbuild/linux-loong64' ]
214 verbose reify failed optional dependency /var/www/node_modules/@esbuild/linux-ia32
215 silly reify mark deleted [ '/var/www/node_modules/@esbuild/linux-ia32' ]
216 verbose reify failed optional dependency /var/www/node_modules/@esbuild/linux-arm64
217 silly reify mark deleted [ '/var/www/node_modules/@esbuild/linux-arm64' ]
218 verbose reify failed optional dependency /var/www/node_modules/@esbuild/linux-arm
219 silly reify mark deleted [ '/var/www/node_modules/@esbuild/linux-arm' ]
220 verbose reify failed optional dependency /var/www/node_modules/@esbuild/freebsd-x64
221 silly reify mark deleted [ '/var/www/node_modules/@esbuild/freebsd-x64' ]
222 verbose reify failed optional dependency /var/www/node_modules/@esbuild/freebsd-arm64
223 silly reify mark deleted [ '/var/www/node_modules/@esbuild/freebsd-arm64' ]
224 verbose reify failed optional dependency /var/www/node_modules/@esbuild/darwin-x64
225 silly reify mark deleted [ '/var/www/node_modules/@esbuild/darwin-x64' ]
226 verbose reify failed optional dependency /var/www/node_modules/@esbuild/darwin-arm64
227 silly reify mark deleted [ '/var/www/node_modules/@esbuild/darwin-arm64' ]
228 verbose reify failed optional dependency /var/www/node_modules/@esbuild/android-x64
229 silly reify mark deleted [ '/var/www/node_modules/@esbuild/android-x64' ]
230 verbose reify failed optional dependency /var/www/node_modules/@esbuild/android-arm64
231 silly reify mark deleted [ '/var/www/node_modules/@esbuild/android-arm64' ]
232 verbose reify failed optional dependency /var/www/node_modules/@esbuild/android-arm
233 silly reify mark deleted [ '/var/www/node_modules/@esbuild/android-arm' ]
234 verbose reify failed optional dependency /var/www/node_modules/@esbuild/aix-ppc64
235 silly reify mark deleted [ '/var/www/node_modules/@esbuild/aix-ppc64' ]
236 timing reifyNode:node_modules/@parcel/watcher-win32-x64 Completed in 42ms
237 timing reifyNode:node_modules/@parcel/watcher-win32-ia32 Completed in 43ms
238 timing reifyNode:node_modules/@parcel/watcher-win32-arm64 Completed in 43ms
239 timing reifyNode:node_modules/@parcel/watcher-linux-arm64-musl Completed in 42ms
240 timing reifyNode:node_modules/@parcel/watcher-linux-arm64-glibc Completed in 43ms
241 timing reifyNode:node_modules/@parcel/watcher-linux-arm-musl Completed in 43ms
242 timing reifyNode:node_modules/@parcel/watcher-linux-arm-glibc Completed in 43ms
243 timing reifyNode:node_modules/@parcel/watcher-freebsd-x64 Completed in 44ms
244 timing reifyNode:node_modules/@parcel/watcher-darwin-x64 Completed in 44ms
245 timing reifyNode:node_modules/@parcel/watcher-darwin-arm64 Completed in 44ms
246 timing reifyNode:node_modules/@parcel/watcher-android-arm64 Completed in 44ms
247 timing reifyNode:node_modules/fsevents Completed in 44ms
248 timing reifyNode:node_modules/@rollup/rollup-win32-x64-msvc Completed in 44ms
249 timing reifyNode:node_modules/@rollup/rollup-win32-ia32-msvc Completed in 44ms
250 timing reifyNode:node_modules/@rollup/rollup-win32-arm64-msvc Completed in 44ms
251 timing reifyNode:node_modules/@rollup/rollup-linux-s390x-gnu Completed in 44ms
252 timing reifyNode:node_modules/@rollup/rollup-linux-riscv64-gnu Completed in 45ms
253 timing reifyNode:node_modules/@rollup/rollup-linux-powerpc64le-gnu Completed in 45ms
254 timing reifyNode:node_modules/@rollup/rollup-linux-loongarch64-gnu Completed in 45ms
255 timing reifyNode:node_modules/@rollup/rollup-linux-arm64-musl Completed in 45ms
256 timing reifyNode:node_modules/@rollup/rollup-linux-arm64-gnu Completed in 45ms
257 timing reifyNode:node_modules/@rollup/rollup-linux-arm-musleabihf Completed in 45ms
258 timing reifyNode:node_modules/@rollup/rollup-linux-arm-gnueabihf Completed in 46ms
259 timing reifyNode:node_modules/@rollup/rollup-freebsd-x64 Completed in 46ms
260 timing reifyNode:node_modules/@rollup/rollup-freebsd-arm64 Completed in 46ms
261 timing reifyNode:node_modules/@rollup/rollup-darwin-x64 Completed in 46ms
262 timing reifyNode:node_modules/@rollup/rollup-darwin-arm64 Completed in 45ms
263 timing reifyNode:node_modules/@rollup/rollup-android-arm64 Completed in 46ms
264 timing reifyNode:node_modules/@rollup/rollup-android-arm-eabi Completed in 46ms
265 timing reifyNode:node_modules/@esbuild/win32-x64 Completed in 46ms
266 timing reifyNode:node_modules/@esbuild/win32-ia32 Completed in 47ms
267 timing reifyNode:node_modules/@esbuild/win32-arm64 Completed in 47ms
268 timing reifyNode:node_modules/@esbuild/sunos-x64 Completed in 48ms
269 timing reifyNode:node_modules/@esbuild/openbsd-x64 Completed in 48ms
270 timing reifyNode:node_modules/@esbuild/netbsd-x64 Completed in 48ms
271 timing reifyNode:node_modules/@esbuild/linux-s390x Completed in 49ms
272 timing reifyNode:node_modules/@esbuild/linux-riscv64 Completed in 49ms
273 timing reifyNode:node_modules/@esbuild/linux-ppc64 Completed in 50ms
274 timing reifyNode:node_modules/@esbuild/linux-mips64el Completed in 50ms
275 timing reifyNode:node_modules/@esbuild/linux-loong64 Completed in 50ms
276 timing reifyNode:node_modules/@esbuild/linux-ia32 Completed in 50ms
277 timing reifyNode:node_modules/@esbuild/linux-arm64 Completed in 51ms
278 timing reifyNode:node_modules/@esbuild/linux-arm Completed in 51ms
279 timing reifyNode:node_modules/@esbuild/freebsd-x64 Completed in 51ms
280 timing reifyNode:node_modules/@esbuild/freebsd-arm64 Completed in 52ms
281 timing reifyNode:node_modules/@esbuild/darwin-x64 Completed in 52ms
282 timing reifyNode:node_modules/@esbuild/darwin-arm64 Completed in 52ms
283 timing reifyNode:node_modules/@esbuild/android-x64 Completed in 53ms
284 timing reifyNode:node_modules/@esbuild/android-arm64 Completed in 53ms
285 timing reifyNode:node_modules/@esbuild/android-arm Completed in 53ms
286 timing reifyNode:node_modules/@esbuild/aix-ppc64 Completed in 53ms
287 silly tarball no local data for detect-libc@https://registry.npmjs.org/detect-libc/-/detect-libc-1.0.3.tgz. Extracting by manifest.
288 silly tarball no local data for sass@https://registry.npmjs.org/sass/-/sass-1.85.1.tgz. Extracting by manifest.
289 silly tarball no local data for node-addon-api@https://registry.npmjs.org/node-addon-api/-/node-addon-api-7.1.1.tgz. Extracting by manifest.
290 silly tarball no local data for @parcel/watcher-linux-x64-glibc@https://registry.npmjs.org/@parcel/watcher-linux-x64-glibc/-/watcher-linux-x64-glibc-2.5.1.tgz. Extracting by manifest.
291 silly tarball no local data for @parcel/watcher-linux-x64-musl@https://registry.npmjs.org/@parcel/watcher-linux-x64-musl/-/watcher-linux-x64-musl-2.5.1.tgz. Extracting by manifest.
292 silly tarball no local data for bootstrap@https://registry.npmjs.org/bootstrap/-/bootstrap-5.3.3.tgz. Extracting by manifest.
293 silly tarball no local data for immutable@https://registry.npmjs.org/immutable/-/immutable-5.0.3.tgz. Extracting by manifest.
294 silly tarball no local data for @parcel/watcher@https://registry.npmjs.org/@parcel/watcher/-/watcher-2.5.1.tgz. Extracting by manifest.
295 silly tarball no local data for readdirp@https://registry.npmjs.org/readdirp/-/readdirp-4.1.2.tgz. Extracting by manifest.
296 silly tarball no local data for chokidar@https://registry.npmjs.org/chokidar/-/chokidar-4.0.3.tgz. Extracting by manifest.
297 http fetch POST 200 https://registry.npmjs.org/-/npm/v1/security/advisories/bulk 458ms
298 timing auditReport:getReport Completed in 467ms
299 silly audit report {
299 silly audit report   esbuild: [
299 silly audit report     {
299 silly audit report       id: 1102341,
299 silly audit report       url: 'https://github.com/advisories/GHSA-67mh-4wv8-2f99',
299 silly audit report       title: 'esbuild enables any website to send any requests to the development server and read the response',
299 silly audit report       severity: 'moderate',
299 silly audit report       vulnerable_versions: '<=0.24.2',
299 silly audit report       cwe: [Array],
299 silly audit report       cvss: [Object]
299 silly audit report     }
299 silly audit report   ]
299 silly audit report }
300 http fetch GET 200 https://registry.npmjs.org/detect-libc/-/detect-libc-1.0.3.tgz 437ms (cache miss)
301 timing reifyNode:node_modules/detect-libc Completed in 518ms
302 timing metavuln:cache:get:security-advisory:esbuild:jKdCIzePj7J1488qgRXvF8Srh9wutSuR1exB8YooNX62hT+qhtrUXYbArLNoIhgwbaCqKpmduh18syZU7BR9SA== Completed in 434ms
303 http fetch GET 200 https://registry.npmjs.org/readdirp/-/readdirp-4.1.2.tgz 816ms (cache miss)
304 timing reifyNode:node_modules/sass/node_modules/readdirp Completed in 927ms
305 http fetch GET 200 https://registry.npmjs.org/esbuild 921ms (cache hit)
306 timing metavuln:packument:esbuild Completed in 935ms
307 timing metavuln:load:security-advisory:esbuild:1102341 Completed in 9ms
308 timing metavuln:calculate:security-advisory:esbuild:1102341 Completed in 949ms
309 http fetch GET 200 https://registry.npmjs.org/@parcel/watcher-linux-x64-musl/-/watcher-linux-x64-musl-2.5.1.tgz 1329ms (cache miss)
310 timing reifyNode:node_modules/@parcel/watcher-linux-x64-musl Completed in 1427ms
311 http fetch GET 200 https://registry.npmjs.org/chokidar/-/chokidar-4.0.3.tgz 1315ms (cache miss)
312 timing reifyNode:node_modules/sass/node_modules/chokidar Completed in 1453ms
313 timing metavuln:cache:get:security-advisory:vite:tMBsdAS7JBTyRORp0YaJR984WAAsOxgmReSLBN0Nd41GhzEakjROICqAJ31iOdYG5Ijo/MlJ01p3ig1iN88+Tw== Completed in 436ms
314 http fetch GET 200 https://registry.npmjs.org/node-addon-api/-/node-addon-api-7.1.1.tgz 2869ms (cache miss)
315 timing reifyNode:node_modules/node-addon-api Completed in 2961ms
316 http fetch GET 200 https://registry.npmjs.org/vite 1666ms (cache hit)
317 timing metavuln:packument:vite Completed in 1743ms
318 timing metavuln:load:security-advisory:vite:jKdCIzePj7J1488qgRXvF8Srh9wutSuR1exB8YooNX62hT+qhtrUXYbArLNoIhgwbaCqKpmduh18syZU7BR9SA== Completed in 15ms
319 timing metavuln:calculate:security-advisory:vite:jKdCIzePj7J1488qgRXvF8Srh9wutSuR1exB8YooNX62hT+qhtrUXYbArLNoIhgwbaCqKpmduh18syZU7BR9SA== Completed in 1770ms
320 http fetch GET 200 https://registry.npmjs.org/@parcel/watcher-linux-x64-glibc/-/watcher-linux-x64-glibc-2.5.1.tgz 3683ms (cache miss)
321 timing reifyNode:node_modules/@parcel/watcher-linux-x64-glibc Completed in 3774ms
322 http fetch GET 200 https://registry.npmjs.org/immutable/-/immutable-5.0.3.tgz 3678ms (cache miss)
323 timing reifyNode:node_modules/immutable Completed in 3790ms
324 timing metavuln:cache:get:security-advisory:laravel-vite-plugin:9ymg1avCH42NR4fZ8NYT5khSLfL/79IVOPKZGY7IXG4Ax33TpuHm3lGRvmLcwNv0OiYN/pP7KmqU6VENCELRYA== Completed in 722ms
325 http fetch GET 200 https://registry.npmjs.org/laravel-vite-plugin 917ms (cache hit)
326 timing metavuln:packument:laravel-vite-plugin Completed in 928ms
327 timing metavuln:load:security-advisory:laravel-vite-plugin:tMBsdAS7JBTyRORp0YaJR984WAAsOxgmReSLBN0Nd41GhzEakjROICqAJ31iOdYG5Ijo/MlJ01p3ig1iN88+Tw== Completed in 3ms
328 timing metavuln:calculate:security-advisory:laravel-vite-plugin:tMBsdAS7JBTyRORp0YaJR984WAAsOxgmReSLBN0Nd41GhzEakjROICqAJ31iOdYG5Ijo/MlJ01p3ig1iN88+Tw== Completed in 935ms
329 timing auditReport:init Completed in 3682ms
330 timing reify:audit Completed in 4153ms
331 http fetch GET 200 https://registry.npmjs.org/@parcel/watcher/-/watcher-2.5.1.tgz 4359ms (cache miss)
332 timing reifyNode:node_modules/@parcel/watcher Completed in 4462ms
333 http fetch GET 200 https://registry.npmjs.org/sass/-/sass-1.85.1.tgz 6023ms (cache miss)
334 timing reifyNode:node_modules/sass Completed in 6143ms
335 http fetch GET 200 https://registry.npmjs.org/bootstrap/-/bootstrap-5.3.3.tgz 8444ms (cache miss)
336 timing reifyNode:node_modules/bootstrap Completed in 8539ms
337 timing reify:unpack Completed in 8543ms
338 timing reify:unretire Completed in 0ms
339 timing build:queue Completed in 123ms
340 timing build:link:node_modules/detect-libc Completed in 18ms
341 timing build:link:node_modules/sass Completed in 18ms
342 timing build:link Completed in 19ms
343 info run @parcel/watcher@2.5.1 install node_modules/@parcel/watcher node scripts/build-from-source.js
344 info run @parcel/watcher@2.5.1 install { code: 0, signal: null }
345 timing build:run:install:node_modules/@parcel/watcher Completed in 278ms
346 timing build:run:install Completed in 279ms
347 timing build:deps Completed in 423ms
348 timing build Completed in 424ms
349 timing reify:build Completed in 425ms
350 timing reify:trash Completed in 94ms
351 timing reify:save Completed in 91ms
352 timing reify Completed in 11989ms
353 silly ADD node_modules/node-addon-api
354 silly ADD node_modules/detect-libc
355 silly ADD
356 silly ADD
357 silly ADD
358 silly ADD node_modules/@parcel/watcher-linux-x64-musl
359 silly ADD node_modules/@parcel/watcher-linux-x64-glibc
360 silly ADD
361 silly ADD
362 silly ADD
363 silly ADD
364 silly ADD
365 silly ADD
366 silly ADD
367 silly ADD
368 silly ADD node_modules/immutable
369 silly ADD node_modules/@parcel/watcher
370 silly ADD node_modules/sass
371 silly ADD node_modules/sass/node_modules/readdirp
372 silly ADD node_modules/sass/node_modules/chokidar
373 silly ADD node_modules/bootstrap
374 silly ADD
375 silly ADD
376 silly ADD
377 silly ADD
378 silly ADD
379 silly ADD
380 silly ADD
381 silly ADD
382 silly ADD
383 silly ADD
384 silly ADD
385 silly ADD
386 silly ADD
387 silly ADD
388 silly ADD
389 silly ADD
390 silly ADD
391 silly ADD
392 silly ADD
393 silly ADD
394 silly ADD
395 silly ADD
396 silly ADD
397 silly ADD
398 silly ADD
399 silly ADD
400 silly ADD
401 silly ADD
402 silly ADD
403 silly ADD
404 silly ADD
405 silly ADD
406 silly ADD
407 silly ADD
408 silly ADD
409 silly ADD
410 silly ADD
411 silly ADD
412 silly ADD
413 silly ADD
414 timing command:install Completed in 12030ms
415 verbose exit 0
416 timing npm Completed in 12112ms
417 info ok
